#-----------------------------------------------------------
# Vivado v2025.1 (64-bit)
# SW Build 6140274 on Thu May 22 00:12:29 MDT 2025
# IP Build 6138677 on Thu May 22 03:10:11 MDT 2025
# SharedData Build 6139179 on Tue May 20 17:58:58 MDT 2025
# Start of session at: Tue May  5 13:57:25 2026
# Process ID         : 19720
# Current directory  : C:/Users/Vmagic/Desktop/Jezdzik/uec_projekt_wireless_camera_transfer
# Command line       : vivado.exe -mode batch -source C:/Users/Vmagic/Desktop/Jezdzik/uec_projekt_wireless_camera_transfer/tools/program_fpga.tcl -tclargs C:/Users/Vmagic/Desktop/Jezdzik/uec_projekt_wireless_camera_transfer/basys_cam/results/top_basys3.bit 210183738870A -notrace
# Log file           : C:/Users/Vmagic/Desktop/Jezdzik/uec_projekt_wireless_camera_transfer/vivado.log
# Journal file       : C:/Users/Vmagic/Desktop/Jezdzik/uec_projekt_wireless_camera_transfer\vivado.jou
# Running On         : Vmagic
# Platform           : Windows Server 2016 or Windows 10
# Operating System   : 26200
# Processor Detail   : Intel(R) Core(TM) i7-8565U CPU @ 1.80GHz
# CPU Frequency      : 1992 MHz
# CPU Physical cores : 4
# CPU Logical cores  : 8
# Host memory        : 21279 MB
# Swap memory        : 1342 MB
# Total Virtual      : 22621 MB
# Available Virtual  : 4572 MB
#-----------------------------------------------------------
source C:/Users/Vmagic/Desktop/Jezdzik/uec_projekt_wireless_camera_transfer/tools/program_fpga.tcl
# if { $argc < 1 } {
#     puts "Blad: Brak sciezki do pliku bitstream!"
#     exit 1
# }
# set bitstream_file [lindex $argv 0]
# set target_id [lindex $argv 1]
# open_hw_manager
open_hw_manager: Time (s): cpu = 00:00:08 ; elapsed = 00:00:05 . Memory (MB): peak = 496.672 ; gain = 214.582
# connect_hw_server -allow_non_jtag
INFO: [Labtools 27-2285] Connecting to hw_server url TCP:localhost:3121
INFO: [Labtools 27-3415] Connecting to cs_server url TCP:localhost:0
INFO: [Labtools 27-3417] Launching cs_server...
INFO: [Labtools 27-2221] Launch Output:


******** Xilinx cs_server v2025.1.0
  ****** Build date   : May 13 2025-21:15:27
    **** Build number : 2025.1.1747163727
      ** Copyright 2017-2022 Xilinx, Inc. All Rights Reserved.
      ** Copyright 2022-2026 Advanced Micro Devices, Inc. All Rights Reserved.



# set targets [get_hw_targets]
# set selected_target ""
# if { $target_id != "" } {
#     foreach target $targets {
#         if { [string match "*$target_id*" $target] } {
#             set selected_target $target
#             break
#         }
#     }
#     if { $selected_target == "" } {
#         puts "Blad: Nie znaleziono podlaczonego urzadzenia z ID: $target_id"
#         close_hw_manager
#         exit 1
#     }
# } else {
#     set selected_target [lindex $targets 0]
# }
# puts "\nLacznie z urzadzeniem: $selected_target"

Lacznie z urzadzeniem: localhost:3121/xilinx_tcf/Digilent/210183738870A
# current_hw_target $selected_target
# open_hw_target
INFO: [Labtoolstcl 44-466] Opening hw_target localhost:3121/xilinx_tcf/Digilent/210183738870A
# set device [lindex [get_hw_devices] 0]
# current_hw_device $device
# set_property PROGRAM.FILE $bitstream_file $device
# puts "Wgrywanie pliku: $bitstream_file..."
Wgrywanie pliku: C:/Users/Vmagic/Desktop/Jezdzik/uec_projekt_wireless_camera_transfer/basys_cam/results/top_basys3.bit...
# program_hw_devices $device
INFO: [Labtools 27-3164] End of startup status: HIGH
# puts "Operacja zakonczona sukcesem!"
Operacja zakonczona sukcesem!
# close_hw_target
INFO: [Labtoolstcl 44-464] Closing hw_target localhost:3121/xilinx_tcf/Digilent/210183738870A
# close_hw_manager
INFO: [Common 17-206] Exiting Vivado at Tue May  5 13:57:39 2026...
